Arguments: 
  C:\Program Files\nodejs\node.exe C:\Program Files (x86)\Yarn\bin\yarn.js

PATH: 
  C:\Program Files (x86)\NAT Service;C:\Windows\system32;C:\Windows;C:\Windows\System32\Wbem;C:\Windows\System32\WindowsPowerShell\v1.0\;C:\Windows\System32\OpenSSH\;C:\Program Files\nodejs\;C:\Program Files (x86)\Yarn\bin\;D:\Git\cmd;C:\Program Files\NVIDIA Corporation\NVIDIA NvDLISR;%SystemRoot%\system32;%SystemRoot%;%SystemRoot%\System32\Wbem;%SYSTEMROOT%\System32\WindowsPowerShell\v1.0\;%SYSTEMROOT%\System32\OpenSSH\;C:\Users\chkim\AppData\Local\Programs\Python\Python36\Scripts\;C:\Users\chkim\AppData\Local\Programs\Python\Python36\;C:\Users\chkim\AppData\Local\Microsoft\WindowsApps;C:\Users\chkim\AppData\Local\Programs\Microsoft VS Code\bin;C:\Users\chkim\AppData\Roaming\npm;C:\Users\chkim\AppData\Local\Yarn\bin;D:\phantomjs-2.1.1-windows\phantomjs-2.1.1-windows\bin;D:\Tesseract-OCR;D:\chromedriver_win32;

Yarn version: 
  1.12.3

Node version: 
  10.14.1

Platform: 
  win32 x64

Trace: 
  SyntaxError: C:\Users\chkim\Desktop\study-next-mst\mst-simple-app\package.json: Unexpected token } in JSON at position 663
      at JSON.parse (<anonymous>)
      at C:\Program Files (x86)\Yarn\lib\cli.js:1631:59
      at Generator.next (<anonymous>)
      at step (C:\Program Files (x86)\Yarn\lib\cli.js:304:30)
      at C:\Program Files (x86)\Yarn\lib\cli.js:315:13

npm manifest: 
  {
    "name": "mst-simple-app",
    "version": "1.0.0",
    "license": "MIT",
    "scripts": {
      "dev": "next",
      "test": "jest",
      "build": "next build",
      "start": "next start"
    },
    "dependencies": {
      "@zeit/next-css": "^1.0.1",
      "mobx": "^5.0.3",
      "mobx-react": "^5.2.3",
      "mobx-state-tree": "^3.0.0",
      "next": "^7.0.2",
      "node-fetch": "^2.1.2",
      "react": "^16.7.0",
      "react-dom": "^16.7.0",
      "ts-jest": "^23.0.1",
      "typescript": "^3.2.2"
    },
    "devDependencies": {
      "@types/jest": "^23.3.0",
      "@types/next": "^7.0.6",
      "@types/react": "^16.7.18",
      "@zeit/next-typescript": "^1.1.1",
      "jest-cli": "^23.4.1"
    },
  }

yarn manifest: 
  No manifest

Lockfile: 
  No lockfile
